TN:
SF:src/app/page.tsx
FN:10,Home
FN:12,handleSubmit
FN:22,createHandleRemoveItem
FNF:3
FNH:3
FNDA:3,Home
FNDA:1,handleSubmit
FNDA:1,createHandleRemoveItem
DA:1,1
DA:2,1
DA:3,1
DA:4,1
DA:5,1
DA:6,1
DA:7,1
DA:8,1
DA:9,1
DA:10,1
DA:11,3
DA:12,3
DA:13,1
DA:14,1
DA:15,1
DA:16,1
DA:17,1
DA:18,1
DA:19,1
DA:20,1
DA:21,1
DA:22,3
DA:23,1
DA:24,1
DA:25,3
DA:26,3
DA:27,3
DA:28,3
DA:29,3
DA:30,3
DA:31,3
DA:32,3
DA:33,3
DA:34,3
DA:35,3
DA:36,3
DA:37,3
DA:38,3
DA:39,3
DA:40,3
DA:41,3
DA:42,3
DA:43,3
DA:44,3
DA:45,3
DA:46,3
DA:47,3
DA:48,3
DA:49,3
DA:50,3
DA:51,3
DA:52,3
DA:53,3
DA:54,3
DA:55,3
LF:55
LH:55
BRDA:10,0,0,3
BRDA:12,1,0,1
BRDA:22,2,0,1
BRDA:22,3,0,1
BRDA:49,4,0,1
BRF:5
BRH:5
end_of_record
TN:
SF:src/components/ItemComponent.tsx
FN:1,Item
FNF:1
FNH:1
FNDA:1,Item
DA:1,1
DA:2,1
DA:3,1
DA:4,1
DA:5,1
DA:6,1
DA:7,1
DA:8,1
DA:9,1
DA:10,1
DA:11,1
DA:12,1
DA:13,1
DA:14,1
DA:15,1
DA:16,1
DA:17,1
DA:18,1
LF:18
LH:18
BRDA:1,0,0,1
BRF:1
BRH:1
end_of_record
TN:
SF:src/hooks/useItems.tsx
FN:4,useItems
FN:7,addItem
FN:12,removeItem
FNF:3
FNH:3
FNDA:6,useItems
FNDA:2,addItem
FNDA:2,removeItem
DA:1,1
DA:2,1
DA:3,1
DA:4,1
DA:5,6
DA:6,6
DA:7,6
DA:8,2
DA:9,2
DA:10,2
DA:11,6
DA:12,6
DA:13,2
DA:14,2
DA:15,6
DA:16,6
DA:17,6
DA:18,6
DA:19,6
DA:20,6
DA:21,6
LF:21
LH:21
BRDA:4,0,0,6
BRDA:7,1,0,2
BRDA:9,2,0,2
BRDA:12,3,0,2
BRDA:13,4,0,2
BRF:5
BRH:5
end_of_record
